<?xml version="1.0" encoding="UTF-8"?>
<!-- Generated by org.testng.reporters.JUnitReportReporter -->
<testsuite hostname="TejalShinde" failures="0" tests="1" name="testClass.CWAddFlatTest" time="25.067" errors="0" timestamp="2024-04-26T11:38:17 IST" skipped="0">
  <testcase classname="testClass.CWAddFlatTest" name="editFlat" time="25.067"/>
  <system-out/>
</testsuite> <!-- testClass.CWAddFlatTest -->
