<?xml version="1.0" encoding="UTF-8"?>
<!-- Generated by org.testng.reporters.JUnitReportReporter -->
<testsuite hostname="TejalShinde" failures="0" tests="1" name="testClass.CWAddTenantTests" time="31.423" errors="0" timestamp="2024-04-26T15:39:34 IST" skipped="0">
  <testcase classname="testClass.CWAddTenantTests" name="addTenant" time="31.423"/>
  <system-out/>
</testsuite> <!-- testClass.CWAddTenantTests -->
