<?xml version="1.0" encoding="UTF-8"?>
<!-- Generated by org.testng.reporters.JUnitReportReporter -->
<testsuite hostname="TejalShinde" failures="0" tests="1" name="testClass.CWAddOwnerTest" time="17.970" errors="0" timestamp="2024-04-26T12:10:23 IST" skipped="0">
  <testcase classname="testClass.CWAddOwnerTest" name="addOwner" time="17.970"/>
  <system-out/>
</testsuite> <!-- testClass.CWAddOwnerTest -->
