<?xml version="1.0" encoding="UTF-8"?>
<!-- Generated by org.testng.reporters.JUnitReportReporter -->
<testsuite hostname="TejalShinde" failures="0" tests="1" name="testClass.CWGenerateShareCertTest" time="20.061" errors="0" timestamp="2024-04-20T12:37:08 IST" skipped="0">
  <testcase classname="testClass.CWGenerateShareCertTest" name="generateCertificate" time="20.061"/>
  <system-out/>
</testsuite> <!-- testClass.CWGenerateShareCertTest -->
