<?xml version="1.0" encoding="UTF-8"?>
<!-- Generated by org.testng.reporters.JUnitReportReporter -->
<testsuite hostname="TejalShinde" failures="0" tests="1" name="testClass.CWAddUserTest" time="19.562" errors="0" timestamp="2024-04-26T11:09:20 IST" skipped="0">
  <testcase classname="testClass.CWAddUserTest" name="addUser" time="19.562"/>
  <system-out/>
</testsuite> <!-- testClass.CWAddUserTest -->
