<?xml version="1.0" encoding="UTF-8"?>
<!-- Generated by org.testng.reporters.JUnitReportReporter -->
<testsuite hostname="TejalShinde" failures="0" tests="1" name="testClass.CWAlotVisitorsParkingLotTest" time="28.863" errors="0" timestamp="2024-04-29T16:23:09 IST" skipped="0">
  <testcase classname="testClass.CWAlotVisitorsParkingLotTest" name="visitorsParking" time="28.863"/>
  <system-out/>
</testsuite> <!-- testClass.CWAlotVisitorsParkingLotTest -->
