<?xml version="1.0" encoding="UTF-8"?>
<!-- Generated by org.testng.reporters.JUnitReportReporter -->
<testsuite hostname="TejalShinde" failures="0" tests="1" name="testClass.CWLoginTest" time="46.489" errors="0" timestamp="2024-04-11T16:17:22 IST" skipped="0">
  <testcase classname="testClass.CWLoginTest" name="CWLogin" time="46.489"/>
  <system-out/>
</testsuite> <!-- testClass.CWLoginTest -->
