<?xml version="1.0" encoding="UTF-8"?>
<!-- Generated by org.testng.reporters.JUnitReportReporter -->
<testsuite hostname="TejalShinde" failures="0" tests="1" name="testClass.CWAllotParkingTest" time="35.499" errors="0" timestamp="2024-04-29T14:03:54 IST" skipped="0">
  <testcase classname="testClass.CWAllotParkingTest" name="alotparking" time="35.499"/>
  <system-out/>
</testsuite> <!-- testClass.CWAllotParkingTest -->
