<?xml version="1.0" encoding="UTF-8"?>
<!-- Generated by org.testng.reporters.JUnitReportReporter -->
<testsuite hostname="TejalShinde" failures="0" tests="1" name="testClass.CWAddBlockTest" time="18.357" errors="0" timestamp="2024-04-26T11:19:12 IST" skipped="0">
  <testcase classname="testClass.CWAddBlockTest" name="addBlocksTest" time="18.357"/>
  <system-out/>
</testsuite> <!-- testClass.CWAddBlockTest -->
